------------------------------------------------------------------------------------
pigz already installed, continuing...
Starting fucking BKP to: /home/ralexander/Shared/ArchBKP/347-2025-20:56
Backing up /boot/grub/themes/lateralus...
Backing up /etc/default/grub...
Backing up /etc/samba/smb.conf...
Backing up /etc/ssh/sshd_config...
Backing up /etc/samba/euclid...
Backing up /etc/mkinitcpio.conf...
Backing up /usr/share/plymouth/plymouthd.defaults...
Backing up /etc/fstab...
Backing up /usr/lib/sddm/sddm.conf.d/default.conf...
Backing up /home/ralexander/Documents...
Backing up /home/ralexander/Obsidian...
Backing up /home/ralexander/Working...
Backing up /home/ralexander/Code...
Backing up /home/ralexander/.icons...
Backing up /home/ralexander/.themes...
Backing up /home/ralexander/.config...
Backing up /home/ralexander/.zshrc...
Backing up /home/ralexander/.zsh_history...
Backing up /home/ralexander/.gitconfig...
Backing up /home/ralexander/.ssh (excluding agent/)...
Compressing backup to /home/ralexander/Shared/ArchBKP/347-2025-20:56.tar.gz ...
Bully complete.
Uncompressed folder: /home/ralexander/Shared/ArchBKP/347-2025-20:56
Compressed archive : /home/ralexander/Shared/ArchBKP/347-2025-20:56.tar.gz
